<?xml version="1.0" encoding="UTF-8"?>
<testng-results ignored="0" total="1" passed="1" failed="0" skipped="0">
  <reporter-output>
  </reporter-output>
  <suite started-at="2023-03-16T16:05:41 IST" name="Default suite" finished-at="2023-03-16T16:06:00 IST" duration-ms="18381">
    <groups>
    </groups>
    <test started-at="2023-03-16T16:05:41 IST" name="Default test" finished-at="2023-03-16T16:06:00 IST" duration-ms="18381">
      <class name="WM.WMTest">
        <test-method is-config="true" signature="setUp()[pri:0, instance:WM.WMTest@71809907]" started-at="2023-03-16T16:05:41 IST" name="setUp" finished-at="2023-03-16T16:05:48 IST" duration-ms="7008" status="PASS">
          <reporter-output>
          </reporter-output>
        </test-method> <!-- setUp -->
        <test-method signature="freeCRMTest()[pri:0, instance:WM.WMTest@71809907]" started-at="2023-03-16T16:05:48 IST" name="freeCRMTest" finished-at="2023-03-16T16:05:59 IST" duration-ms="10412" status="PASS">
          <reporter-output>
          </reporter-output>
        </test-method> <!-- freeCRMTest -->
        <test-method is-config="true" signature="tearDown()[pri:0, instance:WM.WMTest@71809907]" started-at="2023-03-16T16:05:59 IST" name="tearDown" finished-at="2023-03-16T16:06:00 IST" duration-ms="913" status="PASS">
          <reporter-output>
          </reporter-output>
        </test-method> <!-- tearDown -->
      </class> <!-- WM.WMTest -->
    </test> <!-- Default test -->
  </suite> <!-- Default suite -->
</testng-results>
